VPR FPGA Placement and Routing.
Version: 8.1.0-dev+unkown
Revision: unkown
Compiled: 2024-11-05T16:37:04
Compiler: GNU 11.4.0 on Linux-6.8.0-47-generic x86_64
Build Info: release IPO VTR_ASSERT_LEVEL=2

University of Toronto
verilogtorouting.org
vtr-users@googlegroups.com
This is free open source code under MIT license.

VPR was run with the following command-line:
/home/xiaokewan/Software/vtr-verilog-to-routing-master/vpr/vpr /home/xiaokewan/Software/vtr-verilog-to-routing-master/vtr_flow/arch/titan/stratixiv_arch.timing.xml /home/xiaokewan/Documents/Code/GNL-Netlist-Generator/rent_sweep/norm_rent_sweep_20000/rent_exp_0.50.blif --disp on

Using up to 1 parallel worker(s)

Architecture file: /home/xiaokewan/Software/vtr-verilog-to-routing-master/vtr_flow/arch/titan/stratixiv_arch.timing.xml
Circuit name: rent_exp_0.50

# Loading Architecture Description
# Loading Architecture Description took 0.34 seconds (max_rss 80.4 MiB, delta_rss +64.9 MiB)

Timing analysis: ON
Circuit netlist file: rent_exp_0.50.net
Circuit placement file: rent_exp_0.50.place
Circuit routing file: rent_exp_0.50.route
Circuit SDC file: rent_exp_0.50.sdc
Vpr floorplanning constraints file: not specified

Packer: ENABLED
Placer: ENABLED
Router: ENABLED
Analysis: ENABLED

VPR was run with the following options:

NetlistOpts.abosrb_buffer_luts            : true
NetlistOpts.sweep_dangling_primary_ios    : true
NetlistOpts.sweep_dangling_nets           : true
NetlistOpts.sweep_dangling_blocks         : true
NetlistOpts.sweep_constant_primary_outputs: false
NetlistOpts.netlist_verbosity             : 1
NetlistOpts.const_gen_inference           : COMB_SEQ

PackerOpts.allow_unrelated_clustering: auto
PackerOpts.alpha_clustering: 0.750000
PackerOpts.beta_clustering: 0.900000
PackerOpts.cluster_seed_type: BLEND2
PackerOpts.connection_driven: true
PackerOpts.global_clocks: true
PackerOpts.hill_climbing_flag: false
PackerOpts.inter_cluster_net_delay: 1.000000
PackerOpts.timing_driven: true
PackerOpts.target_external_pin_util: auto

PlacerOpts.place_freq: PLACE_ONCE
PlacerOpts.place_algorithm: CRITICALITY_TIMING_PLACE
PlacerOpts.pad_loc_type: FREE
PlacerOpts.constraints_file: No constraints file given
PlacerOpts.place_cost_exp: 1.000000
PlacerOpts.place_chan_width: 100
PlacerOpts.inner_loop_recompute_divider: 0
PlacerOpts.recompute_crit_iter: 1
PlacerOpts.timing_tradeoff: 0.500000
PlacerOpts.td_place_exp_first: 1.000000
PlacerOpts.td_place_exp_last: 8.000000
PlacerOpts.delay_offset: 0.000000
PlacerOpts.delay_ramp_delta_threshold: -1
PlacerOpts.delay_ramp_slope: 0.000000
PlacerOpts.tsu_rel_margin: 1.000000
PlacerOpts.tsu_abs_margin: 0.000000
PlacerOpts.post_place_timing_report_file: 
PlacerOpts.allowed_tiles_for_delay_model: 
PlacerOpts.delay_model_reducer: MIN
PlacerOpts.delay_model_type: DELTA
PlacerOpts.rlim_escape_fraction: 0.000000
PlacerOpts.move_stats_file: 
PlacerOpts.placement_saves_per_temperature: 0
PlacerOpts.effort_scaling: CIRCUIT
PlacerOpts.place_delta_delay_matrix_calculation_method: ASTAR_ROUTE
PlaceOpts.seed: 1
AnnealSched.type: AUTO_SCHED
AnnealSched.inner_num: 0.500000

RouterOpts.route_type: DETAILED
RouterOpts.flat_routing: false
RouterOpts.has_choking_spot: false
RouterOpts.router_algorithm: TIMING_DRIVEN
RouterOpts.base_cost_type: DELAY_NORMALIZED_LENGTH
RouterOpts.fixed_channel_width: NO_FIXED_CHANNEL_WIDTH
RouterOpts.check_route: FULL
RouterOpts.acc_fac: 1.000000
RouterOpts.bb_factor: 3
RouterOpts.bend_cost: 0.000000
RouterOpts.first_iter_pres_fac: 0.000000
RouterOpts.initial_pres_fac: 0.500000
RouterOpts.pres_fac_mult: 1.300000
RouterOpts.max_router_iterations: 50
RouterOpts.min_incremental_reroute_fanout: 16
RouterOpts.do_check_rr_graph: true
RouterOpts.verify_binary_search: false
RouterOpts.min_channel_width_hint: 0
RouterOpts.read_rr_edge_metadata: false
RouterOpts.exit_after_first_routing_iteration: false
RouterOpts.astar_fac: 1.200000
RouterOpts.router_profiler_astar_fac: 1.200000
RouterOpts.criticality_exp: 1.000000
RouterOpts.max_criticality: 0.990000
RouterOpts.init_wirelength_abort_threshold: 0.850000
RouterOpts.save_routing_per_iteration: false
RouterOpts.congested_routing_iteration_threshold_frac: 1.000000
RouterOpts.high_fanout_threshold: 64
RouterOpts.router_debug_net: -2
RouterOpts.router_debug_sink_rr: -2
RouterOpts.router_debug_iteration: -2
RouterOpts.max_convergence_count: 1
RouterOpts.reconvergence_cpd_threshold: 0.990000
RouterOpts.update_lower_bound_delays: true
RouterOpts.first_iteration_timing_report_file: 
RouterOpts.incr_reroute_delay_ripup: AUTO
RouterOpts.route_bb_update: DYNAMIC
RouterOpts.lookahead_type: MAP
RouterOpts.initial_timing: LOOKAHEAD
RouterOpts.router_heap: BINARY_HEAP
RouterOpts.routing_failure_predictor = SAFE
RouterOpts.routing_budgets_algorithm = DISABLE

AnalysisOpts.gen_post_synthesis_netlist: false
AnalysisOpts.timing_report_npaths: 100
AnalysisOpts.timing_report_skew: false
AnalysisOpts.echo_dot_timing_graph_node: -1
AnalysisOpts.timing_report_detail: NETLIST
AnalysisOpts.post_synth_netlist_unconn_input_handling: UNCONNECTED
AnalysisOpts.post_synth_netlist_unconn_output_handling: UNCONNECTED

# Building complex block graph
# Building complex block graph took 3.30 seconds (max_rss 954.5 MiB, delta_rss +874.0 MiB)
Circuit file: /home/xiaokewan/Documents/Code/GNL-Netlist-Generator/rent_sweep/norm_rent_sweep_20000/rent_exp_0.50.blif
# Load circuit
# Load circuit took 0.08 seconds (max_rss 968.5 MiB, delta_rss +14.0 MiB)
# Clean circuit
Absorbed 0 LUT buffers
Inferred    0 additional primitive pins as constant generators since they have no combinationally connected inputs
Inferred    0 additional primitive pins as constant generators due to constant inputs
Swept input(s)      : 0
Swept output(s)     : 0 (0 dangling, 0 constant)
Swept net(s)        : 0
Swept block(s)      : 0
Constant Pins Marked: 0
# Clean circuit took 0.00 seconds (max_rss 968.5 MiB, delta_rss +0.0 MiB)
# Compress circuit
# Compress circuit took 0.02 seconds (max_rss 969.8 MiB, delta_rss +1.3 MiB)
# Verify circuit
# Verify circuit took 0.00 seconds (max_rss 969.8 MiB, delta_rss +0.0 MiB)
Circuit Statistics:
  Blocks: 21455
    .input :     298
    .latch :    3030
    .output:     127
    6-LUT  :   18000
  Nets  : 21328
    Avg Fanout:     2.1
    Max Fanout:  3030.0
    Min Fanout:     1.0
  Netlist Clocks: 1
# Build Timing Graph
  Timing Graph Nodes: 65515
  Timing Graph Edges: 88247
  Timing Graph Levels: 84
# Build Timing Graph took 0.03 seconds (max_rss 973.6 MiB, delta_rss +3.8 MiB)
Netlist contains 1 clocks
  Netlist Clock 'pclk' Fanout: 3030 pins (4.6%), 3030 blocks (14.1%)
# Load Timing Constraints

SDC file 'rent_exp_0.50.sdc' not found
Setting default timing constraints:
   * constrain all primay inputs and primary outputs on netlist clock 'pclk'
   * optimize netlist clock to run as fast as possible
Timing constraints created 1 clocks
  Constrained Clock 'pclk' Source: 'pclk.inpad[0]'

# Load Timing Constraints took 0.00 seconds (max_rss 973.6 MiB, delta_rss +0.0 MiB)
# Packing
Warning 1: Block type 'M144K' grid location specification startx (33 = 33) falls outside device horizontal range [0,9]
Warning 2: Block type 'EMPTY' grid location specification startx (33 = 33) falls outside device horizontal range [0,9]
Begin packing '/home/xiaokewan/Documents/Code/GNL-Netlist-Generator/rent_sweep/norm_rent_sweep_20000/rent_exp_0.50.blif'.

After removing unused inputs...
	total blocks: 21455, total nets: 21328, total inputs: 298, total outputs: 127
Begin prepacking.

There is one chain in this architecture called "LAB_carry_chain" with the following starting points:
	LAB[0]/alm[0]/lut[0]/lcell_comb[0].cin[0]


There is one chain in this architecture called "share_chain" with the following starting points:
	LAB[0]/alm[0]/lut[0]/lcell_comb[0].sharein[0]

0 attraction groups were created during prepacking.
Finish prepacking.
Using inter-cluster delay: 1.01382e-09
Packing with pin utilization targets: io:1,1 PLL:1,1 LAB:0.8,1 DSP:1,1 M9K:1,1 M144K:1,1
Packing with high fanout thresholds: io:128 PLL:128 LAB:32 DSP:128 M9K:128 M144K:128
Starting Clustering - Clustering Progress: 
-------------------   --------------------------   ---------
Molecules processed   Number of clusters created   FPGA size
-------------------   --------------------------   ---------
   858/21455     3%                           30    13 x 10    
  1716/21455     7%                           63    15 x 11    
  2574/21455    11%                           95    17 x 13    
  3432/21455    15%                          126    19 x 14    
  4290/21455    19%                          160    21 x 16    
  5148/21455    23%                          194    23 x 17    
  6006/21455    27%                          230    24 x 18    
  6864/21455    31%                          264    25 x 19    
  7722/21455    35%                          299    26 x 19    
  8580/21455    39%                          335    27 x 20    
  9438/21455    43%                          371    28 x 21    
 10296/21455    47%                          408    30 x 22    
 11154/21455    51%                          445    31 x 23    
 12012/21455    55%                          482    32 x 24    
 12870/21455    59%                          519    32 x 24    
 13728/21455    63%                          557    34 x 25    
 14586/21455    67%                          596    35 x 26    
 15444/21455    71%                          635    36 x 27    
 16302/21455    75%                          675    38 x 28    
 17160/21455    79%                          715    38 x 28    
 18018/21455    83%                          755    39 x 29    
 18876/21455    87%                          796    40 x 30    
 19734/21455    91%                          837    41 x 30    
 20592/21455    95%                          885    42 x 31    
 21450/21455    99%                         1407    69 x 51    
Incr Slack updates 1 in 0.000457356 sec
Full Max Req/Worst Slack updates 1 in 3.0227e-05 sec
Incr Max Req/Worst Slack updates 0 in 0 sec
Incr Criticality updates 0 in 0 sec
Full Criticality updates 1 in 0.00105423 sec
FPGA sized to 70 x 52 (auto)
Device Utilization: 0.33 (target 1.00)
	Block Utilization: 0.98 Type: io
	Block Utilization: 0.34 Type: LAB

Start the iterative improvement process
the iterative improvement process is done
Final Clustering Statistics: 
----------   --------   ------------------------------------   --------------------------
Block Type   # Blocks   Avg. # of input clocks and pins used   Avg. # of output pins used
----------   --------   ------------------------------------   --------------------------
     EMPTY          0                                      0                            0   
        io        425                               0.298824                     0.701176   
       PLL          0                                      0                            0   
       LAB        988                                16.3188                      10.5415   
       DSP          0                                      0                            0   
       M9K          0                                      0                            0   
     M144K          0                                      0                            0   
Absorbed logical nets 10615 out of 21328 nets, 10713 nets not absorbed.

Netlist conversion complete.

# Packing took 6.34 seconds (max_rss 1086.1 MiB, delta_rss +112.1 MiB)
# Load packing
Begin loading packed FPGA netlist file.
Netlist generated from file 'rent_exp_0.50.net'.
Detected 0 constant generators (to see names run with higher pack verbosity)
Finished loading packed FPGA netlist file (took 0.597053 seconds).
Warning 3: Treated 0 constant nets as global which will not be routed (to see net names increase packer verbosity).
# Load packing took 0.62 seconds (max_rss 1116.3 MiB, delta_rss +30.2 MiB)
Warning 4: Netlist contains 0 global net to non-global architecture pin connections

Pb types usage...
  io         : 425
   pad       : 425
    inpad    : 298
    outpad   : 127
  LAB        : 988
   alm       : 9033
    lut      : 18000
     lut6    : 18000
      lut    : 18000
    dff      : 3030
     ff      : 3030

# Create Device
## Build Device Grid
FPGA sized to 70 x 52: 3640 grid tiles (auto)

Resource usage...
	Netlist
		425	blocks of type: io
	Architecture
		432	blocks of type: io
	Netlist
		0	blocks of type: PLL
	Architecture
		16	blocks of type: PLL
	Netlist
		988	blocks of type: LAB
	Architecture
		2880	blocks of type: LAB
	Netlist
		0	blocks of type: DSP
	Architecture
		24	blocks of type: DSP
	Netlist
		0	blocks of type: M9K
	Architecture
		144	blocks of type: M9K
	Netlist
		0	blocks of type: M144K
	Architecture
		6	blocks of type: M144K

Device Utilization: 0.33 (target 1.00)
	Physical Tile io:
	Block Utilization: 0.98 Logical Block: io
	Physical Tile PLL:
	Block Utilization: 0.00 Logical Block: PLL
	Physical Tile LAB:
	Block Utilization: 0.34 Logical Block: LAB
	Physical Tile DSP:
	Block Utilization: 0.00 Logical Block: DSP
	Physical Tile M9K:
	Block Utilization: 0.00 Logical Block: M9K
	Physical Tile M144K:
	Block Utilization: 0.00 Logical Block: M144K

FPGA size limited by block type(s): io

## Build Device Grid took 0.01 seconds (max_rss 1116.3 MiB, delta_rss +0.0 MiB)
## Build routing resource graph
SOURCE->OPIN and IPIN->SINK edge count:462870
OPIN->CHANX/CHANY edge count before creating direct connections: 951480
OPIN->CHANX/CHANY edge count after creating direct connections: 1083824
CHAN->CHAN type edge count:2640534
## Build routing resource graph took 1.82 seconds (max_rss 1200.9 MiB, delta_rss +84.6 MiB)
  RR Graph Nodes: 732716
  RR Graph Edges: 4187228
# Create Device took 1.89 seconds (max_rss 1200.9 MiB, delta_rss +84.6 MiB)

# Computing router lookahead map
## Computing wire lookahead
## Computing wire lookahead took 8.25 seconds (max_rss 1200.9 MiB, delta_rss +0.0 MiB)
## Computing src/opin lookahead
## Computing src/opin lookahead took 0.00 seconds (max_rss 1200.9 MiB, delta_rss +0.0 MiB)
# Computing router lookahead map took 8.25 seconds (max_rss 1200.9 MiB, delta_rss +0.0 MiB)
# Computing placement delta delay look-up
## Build routing resource graph
SOURCE->OPIN and IPIN->SINK edge count:462870
OPIN->CHANX/CHANY edge count before creating direct connections: 5071008
OPIN->CHANX/CHANY edge count after creating direct connections: 5203352
CHAN->CHAN type edge count:15341896
## Build routing resource graph took 10.59 seconds (max_rss 1679.0 MiB, delta_rss +478.2 MiB)
  RR Graph Nodes: 1447364
  RR Graph Edges: 21008118
## Computing router lookahead map
### Computing wire lookahead
### Computing wire lookahead took 41.64 seconds (max_rss 1679.0 MiB, delta_rss +0.0 MiB)
### Computing src/opin lookahead
### Computing src/opin lookahead took 0.00 seconds (max_rss 1679.0 MiB, delta_rss +0.0 MiB)
## Computing router lookahead map took 41.64 seconds (max_rss 1679.0 MiB, delta_rss +0.0 MiB)
## Computing delta delays
